<?xml version="1.0" encoding="UTF-8"?>
<!-- Generated by org.testng.reporters.JUnitXMLReporter -->
<testsuite hostname="ACUCLE-4ZDCRF2" ignored="0" name="Test" tests="2" failures="1" timestamp="24 Oct 2017 17:45:39 GMT" time="16.311" errors="0">
  <testcase name="loginTest" time="5.171" classname="basics.HelloWorldTest"/>
  <testcase name="createAccounts" time="7.849" classname="basics.HelloWorldTest">
    <failure type="java.lang.AssertionError" message="Error: The number of accounts created does not match expected [2] but found [1]">
      <![CDATA[java.lang.AssertionError: Error: The number of accounts created does not match expected [2] but found [1]
	at basics.HelloWorldTest.createAccounts(HelloWorldTest.java:68)
... Removed 29 stack frames]]>
    </failure>
  </testcase> <!-- createAccounts -->
</testsuite> <!-- Test -->
